mar. 18, 2025 11:46:07 AM liquibase.changelog
INFO: Reading resource: db/changelog/migrations/db.changelog202503151311.sql
mar. 18, 2025 11:46:07 AM liquibase.changelog
INFO: Reading resource: db/changelog/migrations/db.changelog202503161624.sql
mar. 18, 2025 11:46:07 AM liquibase.changelog
INFO: Reading resource: db/changelog/migrations/db.changelog202503161635.sql
mar. 18, 2025 11:46:07 AM liquibase.changelog
INFO: Reading resource: db/changelog/migrations/db.changelog202503161645.sql
mar. 18, 2025 11:46:07 AM liquibase.changelog
INFO: Reading from board.databasechangelog
Database is up to date, no changesets to execute
mar. 18, 2025 11:46:07 AM liquibase.changelog
INFO: Reading from board.databasechangelog

UPDATE SUMMARY
Run:                          0
Previously run:               4
Filtered out:                 0
-------------------------------
Total change sets:            4

mar. 18, 2025 11:46:07 AM liquibase.util
INFO: UPDATE SUMMARY
mar. 18, 2025 11:46:07 AM liquibase.util
INFO: Run:                          0
mar. 18, 2025 11:46:07 AM liquibase.util
INFO: Previously run:               4
mar. 18, 2025 11:46:07 AM liquibase.util
INFO: Filtered out:                 0
mar. 18, 2025 11:46:07 AM liquibase.util
INFO: -------------------------------
mar. 18, 2025 11:46:07 AM liquibase.util
INFO: Total change sets:            4
mar. 18, 2025 11:46:07 AM liquibase.util
INFO: Update summary generated
mar. 18, 2025 11:46:07 AM liquibase.command
INFO: Command execution complete
